build/app/outputs/mapping/release/seeds.txt
com.mycompany.smssender.MainActivity
com.mycompany.smssender.MainActivity: MainActivity()
...
com.google.rpc.Status: com.google.rpc.Status DEFAULT_INSTANCE
kotlinx.coroutines.CancellableContinuationImpl: int _decision
com.google.android.recaptcha.internal.zzkj: int zze
id.flutter.flutter_background_service.R$id: int accessibility_custom_action_1
id.flutter.flutter_background_service.R$id: int rtl
com.dexterous.flutterlocalnotifications.models.NotificationDetails: java.lang.String HTML_FORMAT_CONTENT
id.flutter.flutter_background_service.R$id: int chronometer
com.dexterous.flutterlocalnotifications.models.NotificationDetails: com.dexterous.flutterlocalnotifications.models.NotificationChannelAction channelAction
com.dexterous.flutterlocalnotifications.models.BitmapSource: com.dexterous.flutterlocalnotifications.models.BitmapSource DrawableResource
com.google.android.gms.internal.firebase-auth-api.zzpf: com.google.android.gms.internal.firebase-auth-api.zzpf zzb
com.google.android.recaptcha.internal.zzge: boolean zzd
id.flutter.flutter_background_service.R$id: int tag_state_description
com.google.android.recaptcha.Recaptcha: com.google.android.recaptcha.Recaptcha INSTANCE
com.dexterous.flutterlocalnotifications.models.styles.BigPictureStyleInformation: com.dexterous.flutterlocalnotifications.models.BitmapSource bigPictureBitmapSource
com.google.android.recaptcha.internal.zzhn: com.google.android.recaptcha.internal.zzhn zza
com.google.firebase.perf.v1.PerfMetric: com.google.protobuf.Parser PARSER
id.flutter.flutter_background_service.FlutterBackgroundServicePlugin$1: id.flutter.flutter_background_service.FlutterBackgroundServicePlugin this$0
com.google.android.recaptcha.internal.zzhi: java.lang.Class zza
com.google.android.recaptcha.internal.zzbp: com.google.android.recaptcha.internal.zzbp zza
com.google.android.recaptcha.internal.zzgf: com.google.android.recaptcha.internal.zzgf zzx
com.google.android.recaptcha.internal.zzaf: java.lang.String zzb
com.google.android.recaptcha.internal.zzcq: com.google.android.recaptcha.internal.zzcp zza
com.google.firestore.v1.StructuredQuery$FieldReference: int FIELD_PATH_FIELD_NUMBER
androidx.lifecycle.Lifecycle$Event: androidx.lifecycle.Lifecycle$Event ON_STOP
id.flutter.flutter_background_service.R$attr: int activityAction
com.google.protobuf.Int32Value: com.google.protobuf.Parser PARSER
com.google.android.recaptcha.internal.zzkm: int zzi
com.google.android.recaptcha.internal.zzfy: java.lang.Object zza
com.google.android.recaptcha.internal.zzju: com.google.android.recaptcha.internal.zzjr zza
com.google.android.recaptcha.internal.zzi: long zzb
id.flutter.flutter_background_service.R$styleable: int FontFamilyFont_fontStyle
com.dexterous.flutterlocalnotifications.models.NotificationDetails: java.lang.String COLOR_BLUE
com.google.android.recaptcha.internal.zzhb: java.util.Map$Entry zza
com.google.android.recaptcha.internal.zzem: int zza
com.google.firebase.perf.v1.GaugeMetric: com.google.firebase.perf.v1.GaugeMetadata gaugeMetadata_
id.flutter.flutter_background_service.R$attr: int fontProviderCerts
com.dexterous.flutterlocalnotifications.models.NotificationDetails: java.lang.String SCHEDULED_DATE_TIME
com.google.android.recaptcha.internal.zzcv: java.lang.String zze
com.google.android.play.core.integrity.d: java.lang.String a
com.dexterous.flutterlocalnotifications.models.NotificationDetails: java.lang.String channelDescription
com.google.android.recaptcha.internal.zzka: java.lang.ThreadLocal zzd
id.flutter.flutter_background_service.R$styleable: int[] ActivityRule
com.google.android.recaptcha.internal.zzgf: com.google.android.recaptcha.internal.zzgf zzv
com.google.android.recaptcha.internal.zzgz: com.google.android.recaptcha.internal.zzgz zzb
com.dexterous.flutterlocalnotifications.models.NotificationDetails: java.lang.Integer priority
com.google.android.recaptcha.internal.zzfw: com.google.android.recaptcha.internal.zzfw zzb
com.dexterous.flutterlocalnotifications.models.PersonDetails: java.lang.Boolean important
com.google.android.recaptcha.internal.zzda: kotlinx.coroutines.sync.Mutex zzo