build/app/outputs/mapping/release/mapping.txt
# compiler: R8
# compiler_version: 3.1.66
# min_api: 21
# pg_map_id: cfa0369
# common_typos_disable
# {"id":"com.android.tools.r8.mapping","version":"1.0"}
...
androidx.core.content.res.ResourcesCompat -> r.f:
    java.lang.ThreadLocal sTempTypedValue -> a
    java.lang.Object sColorStateCacheLock -> c
    java.util.WeakHashMap sColorStateCaches -> b
    void addColorStateListToCache(androidx.core.content.res.ResourcesCompat$ColorStateListCacheKey,int,android.content.res.ColorStateList) -> a
    android.content.res.ColorStateList getCachedColorStateList(androidx.core.content.res.ResourcesCompat$ColorStateListCacheKey,int) -> b
    android.content.res.ColorStateList getColorStateList(android.content.res.Resources,int,android.content.res.Resources$Theme) -> c
    android.graphics.drawable.Drawable getDrawable(android.content.res.Resources,int,android.content.res.Resources$Theme) -> d
    android.graphics.Typeface getFont(android.content.Context,int,android.util.TypedValue,int,androidx.core.content.res.ResourcesCompat$FontCallback) -> e
    android.util.TypedValue getTypedValue() -> f
    android.content.res.ColorStateList inflateColorStateList(android.content.res.Resources,int,android.content.res.Resources$Theme) -> g
    boolean isColorInt(android.content.res.Resources,int) -> h
    android.graphics.Typeface loadFont(android.content.Context,int,android.util.TypedValue,int,androidx.core.content.res.ResourcesCompat$FontCallback,android.os.Handler,boolean,boolean) -> i
androidx.core.content.res.ResourcesCompat$ColorStateListCacheEntry -> r.f$a:
    android.content.res.Configuration mConfiguration -> b
    android.content.res.ColorStateList mValue -> a
androidx.core.content.res.ResourcesCompat$ColorStateListCacheKey -> r.f$b:
    android.content.res.Resources$Theme mTheme -> b
    android.content.res.Resources mResources -> a
androidx.core.content.res.ResourcesCompat$FontCallback -> r.f$c:
    void callbackFailAsync(int,android.os.Handler) -> a
    void callbackSuccessAsync(android.graphics.Typeface,android.os.Handler) -> b
    android.os.Handler getHandler(android.os.Handler) -> c
    void onFontRetrievalFailed(int) -> d
    void onFontRetrieved(android.graphics.Typeface) -> e
androidx.core.content.res.ResourcesCompat$FontCallback$1 -> r.f$c$a:
    androidx.core.content.res.ResourcesCompat$FontCallback this$0 -> i
    android.graphics.Typeface val$typeface -> h
androidx.core.content.res.ResourcesCompat$FontCallback$2 -> r.f$c$b:
    androidx.core.content.res.ResourcesCompat$FontCallback this$0 -> i
    int val$reason -> h
androidx.core.content.res.ResourcesCompat$ThemeCompat -> r.f$d:
    void rebase(android.content.res.Resources$Theme) -> a
androidx.core.content.res.ResourcesCompat$ThemeCompat$ImplApi23 -> r.f$d$a:
    java.lang.Object sRebaseMethodLock -> a
    boolean sRebaseMethodFetched -> c
    java.lang.reflect.Method sRebaseMethod -> b
    void rebase(android.content.res.Resources$Theme) -> a
androidx.core.content.res.ResourcesCompat$ThemeCompat$ImplApi29 -> r.f$d$b:
    void rebase(android.content.res.Resources$Theme) -> a